<?xml version="1.0" encoding="UTF-8"?>
<!-- Generated by org.testng.reporters.JUnitReportReporter -->
<testsuite skipped="0" hostname="DESKTOP-3MGD66O" name="Run.Forgot_psswd" tests="1" failures="0" timestamp="2020-02-23T11:20:11 EST" time="2.591" errors="0">
  <testcase name="f" time="2.591" classname="Run.Forgot_psswd"/>
</testsuite> <!-- Run.Forgot_psswd -->
